---------------------------------------------------------------------------------------
      name:  <unnamed>
       log:  C:\Users\HP\Desktop\MIT\Replication_Duflo\Nudging-Farmers-to-Use-Fertilize
> r\replication_duflo.log
  log type:  text
 opened on:   5 Apr 2026, 00:41:33

. 
. cd "C:\Users\HP\Desktop\MIT\Replication_Duflo\Nudging-Farmers-to-Use-Fertilizer"
C:\Users\HP\Desktop\MIT\Replication_Duflo\Nudging-Farmers-to-Use-Fertilizer

. 
. ********************
. * Table 1 : percentage of farmers buying early
. ********************
. use time_buying_fert_AER, clear

. 
. sum used_tdfert_LR09

    Variable |        Obs        Mean    Std. Dev.       Min        Max
-------------+---------------------------------------------------------
used_tdfe~09 |        139    .5827338     .494891          0          1

. sum bought_td_immed_postharv_LR09

    Variable |        Obs        Mean    Std. Dev.       Min        Max
-------------+---------------------------------------------------------
bought_td~09 |        137    .0218978     .146887          0          1

. sum bought_td_immed_postharv_LR09 if used_tdfert_LR09==1

    Variable |        Obs        Mean    Std. Dev.       Min        Max
-------------+---------------------------------------------------------
bought_td~09 |         79    .0379747    .1923564          0          1

. sum always_used_TD

    Variable |        Obs        Mean    Std. Dev.       Min        Max
-------------+---------------------------------------------------------
always_use~D |        139    .1798561    .3854566          0          1

. sum always_bought_td_early

    Variable |        Obs        Mean    Std. Dev.       Min        Max
-------------+---------------------------------------------------------
always_bou~y |         46    .0217391     .147442          0          1

. 
. ********************
. * Table 3 : balance check before treatment
. ********************
. use SAFI_main_dataset_AER, clear

. gen incomeK_04 = income_04 / 1000
(376 missing values generated)

. 
. foreach var of varlist incomeK_04 educ_04 house_ever_anyfert_04 ///
>                        mud_walls_04 mud_floor_04 thatch_roof_04 {
  2.     ttest `var', by(safi_lr04)
  3. }

Two-sample t test with equal variances
------------------------------------------------------------------------------
   Group |     Obs        Mean    Std. Err.   Std. Dev.   [95% Conf. Interval]
---------+--------------------------------------------------------------------
       0 |     653    2.863455    .2621239    6.698279    2.348746    3.378164
       1 |     201    2.096716    .3884615    5.507392    1.330711    2.862722
---------+--------------------------------------------------------------------
combined |     854    2.682993    .2204747    6.442993    2.250257     3.11573
---------+--------------------------------------------------------------------
    diff |            .7667388    .5193521               -.2526207    1.786098
------------------------------------------------------------------------------
    diff = mean(0) - mean(1)                                      t =   1.4763
Ho: diff = 0                                     degrees of freedom =      852

    Ha: diff < 0                 Ha: diff != 0                 Ha: diff > 0
 Pr(T < t) = 0.9299         Pr(|T| > |t|) = 0.1402          Pr(T > t) = 0.0701

Two-sample t test with equal variances
------------------------------------------------------------------------------
   Group |     Obs        Mean    Std. Err.   Std. Dev.   [95% Conf. Interval]
---------+--------------------------------------------------------------------
       0 |     711    7.199719    .1547543    4.126459    6.895888    7.503549
       1 |     211    6.616114    .2727322    3.961665     6.07847    7.153758
---------+--------------------------------------------------------------------
combined |     922    7.066161    .1348472    4.094561    6.801517    7.330804
---------+--------------------------------------------------------------------
    diff |             .583605    .3205915               -.0455705     1.21278
------------------------------------------------------------------------------
    diff = mean(0) - mean(1)                                      t =   1.8204
Ho: diff = 0                                     degrees of freedom =      920

    Ha: diff < 0                 Ha: diff != 0                 Ha: diff > 0
 Pr(T < t) = 0.9655         Pr(|T| > |t|) = 0.0690          Pr(T > t) = 0.0345

Two-sample t test with equal variances
------------------------------------------------------------------------------
   Group |     Obs        Mean    Std. Err.   Std. Dev.   [95% Conf. Interval]
---------+--------------------------------------------------------------------
       0 |     713    .4249649    .0185261    .4946847    .3885926    .4613372
       1 |     210    .4333333    .0342769    .4967197    .3657605    .5009061
---------+--------------------------------------------------------------------
combined |     923    .4268689    .0162895    .4948911       .3949    .4588378
---------+--------------------------------------------------------------------
    diff |           -.0083684    .0388759               -.0846641    .0679273
------------------------------------------------------------------------------
    diff = mean(0) - mean(1)                                      t =  -0.2153
Ho: diff = 0                                     degrees of freedom =      921

    Ha: diff < 0                 Ha: diff != 0                 Ha: diff > 0
 Pr(T < t) = 0.4148         Pr(|T| > |t|) = 0.8296          Pr(T > t) = 0.5852

Two-sample t test with equal variances
------------------------------------------------------------------------------
   Group |     Obs        Mean    Std. Err.   Std. Dev.   [95% Conf. Interval]
---------+--------------------------------------------------------------------
       0 |     711    .8720113    .0125377    .3343125    .8473959    .8966266
       1 |     211    .9099526    .0197531    .2869304    .8710128    .9488924
---------+--------------------------------------------------------------------
combined |     922    .8806941     .010681     .324324    .8597321    .9016561
---------+--------------------------------------------------------------------
    diff |           -.0379414    .0254085               -.0878067     .011924
------------------------------------------------------------------------------
    diff = mean(0) - mean(1)                                      t =  -1.4933
Ho: diff = 0                                     degrees of freedom =      920

    Ha: diff < 0                 Ha: diff != 0                 Ha: diff > 0
 Pr(T < t) = 0.0679         Pr(|T| > |t|) = 0.1357          Pr(T > t) = 0.9321

Two-sample t test with equal variances
------------------------------------------------------------------------------
   Group |     Obs        Mean    Std. Err.   Std. Dev.   [95% Conf. Interval]
---------+--------------------------------------------------------------------
       0 |     711    .8466948    .0135211    .3605351    .8201486     .873241
       1 |     211    .8957346    .0210887    .3063313    .8541619    .9373073
---------+--------------------------------------------------------------------
combined |     922    .8579176    .0115044    .3493242    .8353397    .8804954
---------+--------------------------------------------------------------------
    diff |           -.0490398    .0273525               -.1027203    .0046407
------------------------------------------------------------------------------
    diff = mean(0) - mean(1)                                      t =  -1.7929
Ho: diff = 0                                     degrees of freedom =      920

    Ha: diff < 0                 Ha: diff != 0                 Ha: diff > 0
 Pr(T < t) = 0.0367         Pr(|T| > |t|) = 0.0733          Pr(T > t) = 0.9633

Two-sample t test with equal variances
------------------------------------------------------------------------------
   Group |     Obs        Mean    Std. Err.   Std. Dev.   [95% Conf. Interval]
---------+--------------------------------------------------------------------
       0 |     711    .5147679    .0187565    .5001337    .4779431    .5515927
       1 |     211     .563981    .0342196    .4970688     .496523     .631439
---------+--------------------------------------------------------------------
combined |     922    .5260304    .0164532     .499593    .4937402    .5583205
---------+--------------------------------------------------------------------
    diff |           -.0492131    .0391534               -.1260534    .0276272
------------------------------------------------------------------------------
    diff = mean(0) - mean(1)                                      t =  -1.2569
Ho: diff = 0                                     degrees of freedom =      920

    Ha: diff < 0                 Ha: diff != 0                 Ha: diff > 0
 Pr(T < t) = 0.1045         Pr(|T| > |t|) = 0.2091          Pr(T > t) = 0.8955

. 
. ********************
. * Table 4 Panel A : RCT saison 1
. ********************
. 
. * Moyennes par groupe avant régression
. sum anyfert_plus1_05 if safi_lr04==0

    Variable |        Obs        Mean    Std. Dev.       Min        Max
-------------+---------------------------------------------------------
anyfert~1_05 |        673    .3387816    .4736475          0          1

. sum anyfert_plus1_05 if safi_lr04==1

    Variable |        Obs        Mean    Std. Dev.       Min        Max
-------------+---------------------------------------------------------
anyfert~1_05 |        204    .4509804    .4988154          0          1

. 
. * Sans contrôles
. reg anyfert_plus1_05 safi_lr04 sbsk1 sbsk1_demo demo ///
>     house_ever_anyfert_05 

      Source |       SS           df       MS      Number of obs   =       876
-------------+----------------------------------   F(5, 870)       =     39.00
       Model |  37.1866208         5  7.43732416   Prob > F        =    0.0000
    Residual |  165.918402       870  .190710807   R-squared       =    0.1831
-------------+----------------------------------   Adj R-squared   =    0.1784
       Total |  203.105023       875  .232120026   Root MSE        =     .4367

--------------------------------------------------------------------------------------
    anyfert_plus1_05 |      Coef.   Std. Err.      t    P>|t|     [95% Conf. Interval]
---------------------+----------------------------------------------------------------
           safi_lr04 |   .1178028   .0350947     3.36   0.001     .0489227    .1866829
               sbsk1 |   .0821447     .04108     2.00   0.046     .0015172    .1627723
          sbsk1_demo |  -.0368271   .0600958    -0.61   0.540    -.1547769    .0811226
                demo |   .0551552   .0454217     1.21   0.225    -.0339937    .1443041
house_ever_anyfer~05 |   .3921587   .0303277    12.93   0.000     .3326346    .4516827
               _cons |   .1170806   .0317663     3.69   0.000     .0547331     .179428
--------------------------------------------------------------------------------------

. 
. * Avec contrôles
. reg anyfert_plus1_05 safi_lr04 sbsk1 sbsk1_demo demo ///
>     house_ever_anyfert_05 gender_05 mud_walls_04 ///
>     educ_04 incomeK_04 thatch_roof_04 mud_floor_04 ///
>     std5parent 

      Source |       SS           df       MS      Number of obs   =       716
-------------+----------------------------------   F(12, 703)      =     15.18
       Model |  34.1860088        12  2.84883407   Prob > F        =    0.0000
    Residual |  131.942483       703  .187684897   R-squared       =    0.2058
-------------+----------------------------------   Adj R-squared   =    0.1922
       Total |  166.128492       715  .232347541   Root MSE        =    .43323

--------------------------------------------------------------------------------------
    anyfert_plus1_05 |      Coef.   Std. Err.      t    P>|t|     [95% Conf. Interval]
---------------------+----------------------------------------------------------------
           safi_lr04 |    .148546   .0382289     3.89   0.000     .0734895    .2236025
               sbsk1 |   .1148793    .045435     2.53   0.012     .0256748    .2040838
          sbsk1_demo |  -.0727045   .0664649    -1.09   0.274     -.203198    .0577889
                demo |   .0813569   .0507573     1.60   0.109    -.0182971    .1810109
house_ever_anyfer~05 |   .3430353    .034846     9.84   0.000     .2746207    .4114499
           gender_05 |  -.0008262   .0327659    -0.03   0.980    -.0651569    .0635044
        mud_walls_04 |  -.1919527   .0817403    -2.35   0.019     -.352437   -.0314684
             educ_04 |   .0031801   .0042891     0.74   0.459    -.0052409     .011601
          incomeK_04 |   .0027667   .0025734     1.08   0.283    -.0022858    .0078192
      thatch_roof_04 |  -.0669445    .036133    -1.85   0.064     -.137886     .003997
        mud_floor_04 |   .0370229   .0765197     0.48   0.629    -.1132116    .1872573
          std5parent |   .0031682   .0331362     0.10   0.924    -.0618895    .0682259
               _cons |   .2539334    .072383     3.51   0.000     .1118207     .396046
--------------------------------------------------------------------------------------

. 
. ********************
. * Table 4 Panel B : RCT saison 2
. ********************
. 
. * Moyennes par groupe avant régression
. sum anyfert_plus2_05 if safi_sr04==0

    Variable |        Obs        Mean    Std. Dev.       Min        Max
-------------+---------------------------------------------------------
anyfert~2_05 |        578    .3892734    .4880078          0          1

. sum anyfert_plus2_05 if safi_sr04==1

    Variable |        Obs        Mean    Std. Dev.       Min        Max
-------------+---------------------------------------------------------
anyfert~2_05 |        179    .3798883    .4867203          0          1

. 
. * Sans contrôles
. reg anyfert_plus2_05 safi_sr04 choice subsidy fullprice ///
>     buy buy_safi_sr04 house_ever_anyfert_05 ///
>     safi_lr04 sbsk1 sbsk1_demo demo 

      Source |       SS           df       MS      Number of obs   =       756
-------------+----------------------------------   F(11, 744)      =     12.28
       Model |  27.5680959        11  2.50619054   Prob > F        =    0.0000
    Residual |  151.875026       744  .204133099   R-squared       =    0.1536
-------------+----------------------------------   Adj R-squared   =    0.1411
       Total |  179.443122       755  .237673009   Root MSE        =    .45181

--------------------------------------------------------------------------------------
    anyfert_plus2_05 |      Coef.   Std. Err.      t    P>|t|     [95% Conf. Interval]
---------------------+----------------------------------------------------------------
           safi_sr04 |   .1651035   .0611889     2.70   0.007     .0449801    .2852269
              choice |   .2087918   .0546944     3.82   0.000      .101418    .3161656
             subsidy |   .1384237     .05953     2.33   0.020     .0215568    .2552905
           fullprice |   .0951586   .0595596     1.60   0.111    -.0217663    .2120834
                 buy |  -.0420393   .0488464    -0.86   0.390    -.1379325    .0538539
       buy_safi_sr04 |  -.0996998   .0867931    -1.15   0.251    -.2700884    .0706889
house_ever_anyfer~05 |   .3414538   .0341429    10.00   0.000      .274426    .4084816
           safi_lr04 |    .008213   .0401249     0.20   0.838    -.0705585    .0869846
               sbsk1 |   .0762683   .0513434     1.49   0.138    -.0245268    .1770634
          sbsk1_demo |   .0239645   .0668898     0.36   0.720    -.1073506    .1552797
                demo |    .055857   .0500342     1.12   0.265     -.042368    .1540819
               _cons |   .0566088   .0554624     1.02   0.308    -.0522726    .1654902
--------------------------------------------------------------------------------------

. 
. * Avec contrôles
. reg anyfert_plus2_05 safi_sr04 choice subsidy fullprice ///
>     buy buy_safi_sr04 house_ever_anyfert_05 ///
>     gender_05 mud_walls_04 educ_04 incomeK_04 ///
>     thatch_roof_04 mud_floor_04 std5parent ///
>     safi_lr04 sbsk1 sbsk1_demo demo 

      Source |       SS           df       MS      Number of obs   =       626
-------------+----------------------------------   F(18, 607)      =      6.46
       Model |  23.9988323        18  1.33326846   Prob > F        =    0.0000
    Residual |  125.330241       607  .206474862   R-squared       =    0.1607
-------------+----------------------------------   Adj R-squared   =    0.1358
       Total |  149.329073       625  .238926518   Root MSE        =     .4544

--------------------------------------------------------------------------------------
    anyfert_plus2_05 |      Coef.   Std. Err.      t    P>|t|     [95% Conf. Interval]
---------------------+----------------------------------------------------------------
           safi_sr04 |   .1871166   .0670388     2.79   0.005     .0554606    .3187727
              choice |   .2175957     .06083     3.58   0.000     .0981329    .3370586
             subsidy |   .1235124   .0663875     1.86   0.063    -.0068647    .2538895
           fullprice |   .1107321   .0665919     1.66   0.097    -.0200464    .2415105
                 buy |  -.0651966   .0547229    -1.19   0.234    -.1726659    .0422726
       buy_safi_sr04 |  -.0977416    .096541    -1.01   0.312    -.2873365    .0918533
house_ever_anyfer~05 |   .3153115   .0396236     7.96   0.000     .2374954    .3931275
           gender_05 |   .0022347   .0370654     0.06   0.952    -.0705573    .0750266
        mud_walls_04 |  -.1608077    .091677    -1.75   0.080    -.3408502    .0192348
             educ_04 |  -.0038851   .0047856    -0.81   0.417    -.0132834    .0055133
          incomeK_04 |   .0043844   .0027822     1.58   0.116    -.0010795    .0098482
      thatch_roof_04 |   .0249241   .0405216     0.62   0.539    -.0546555    .1045037
        mud_floor_04 |   .0206433   .0864581     0.24   0.811      -.14915    .1904367
          std5parent |  -.0101935   .0373593    -0.27   0.785    -.0835627    .0631757
           safi_lr04 |   .0119933   .0438436     0.27   0.785    -.0741103    .0980969
               sbsk1 |   .0712312   .0567484     1.26   0.210    -.0402159    .1826783
          sbsk1_demo |   .0043035   .0747212     0.06   0.954    -.1424401     .151047
                demo |   .0989441   .0561774     1.76   0.079    -.0113815    .2092698
               _cons |   .1910939   .0936938     2.04   0.042     .0070905    .3750974
--------------------------------------------------------------------------------------

. 
. log close
      name:  <unnamed>
       log:  C:\Users\HP\Desktop\MIT\Replication_Duflo\Nudging-Farmers-to-Use-Fertilize
> r\replication_duflo.log
  log type:  text
 closed on:   5 Apr 2026, 00:41:34
---------------------------------------------------------------------------------------
